<?xml version="1.0" encoding="UTF-8"?>
<robot generator="Robot 6.0.2 (Python 3.10.9 on win32)" generated="20230323 21:56:04.332" rpa="false" schemaversion="3">
<suite id="s1" name="Finalproject.Robot" source="D:\finalproject.robot">
<suite id="s1-s1" name="Contact" source="D:\finalproject.robot\contact.robot">
<test id="s1-s1-t1" name="User can inpt Order field" line="36">
<kw name="Open Browser" library="SeleniumLibrary" type="SETUP">
<arg>${urladdress}</arg>
<arg>${browsertype}</arg>
<doc>Opens a new browser instance to the optional ``url``.</doc>
<msg timestamp="20230323 21:56:04.598" level="INFO">Opening browser 'Chrome' to base url 'http://automationpractice.pl/index.php'.</msg>
<status status="PASS" starttime="20230323 21:56:04.596" endtime="20230323 21:56:06.682"/>
</kw>
<kw name="Input Text" library="SeleniumLibrary">
<arg>//input[@id="id_order"]</arg>
<arg>${order}</arg>
<doc>Types the given ``text`` into the text field identified by ``locator``.</doc>
<msg timestamp="20230323 21:56:06.685" level="INFO">Typing text '1' into text field '//input[@id="id_order"]'.</msg>
<msg timestamp="20230323 21:56:06.690" level="WARN">Keyword 'Capture Page Screenshot' could not be run on failure: Message: no such window: target window already closed
from unknown error: web view not found
  (Session info: chrome=111.0.5563.66)
Stacktrace:
Backtrace:
	(No symbol) [0x00A2DCE3]
	(No symbol) [0x009C39D1]
	(No symbol) [0x008D4DA8]
	(No symbol) [0x008BD0D3]
	(No symbol) [0x0091EA8B]
	(No symbol) [0x0092D093]
	(No symbol) [0x0091ACC6]
	(No symbol) [0x008F6F68]
	(No symbol) [0x008F80CD]
	GetHandleVerifier [0x00CA3832+2506274]
	GetHandleVerifier [0x00CD9794+2727300]
	GetHandleVerifier [0x00CDE36C+2746716]
	GetHandleVerifier [0x00AD6690+617600]
	(No symbol) [0x009CC712]
	(No symbol) [0x009D1FF8]
	(No symbol) [0x009D20DB]
	(No symbol) [0x009DC63B]
	BaseThreadInitThunk [0x773300F9+25]
	RtlGetAppContainerNamedObjectPath [0x774D7BBE+286]
	RtlGetAppContainerNamedObjectPath [0x774D7B8E+238]
</msg>
<msg timestamp="20230323 21:56:06.696" level="FAIL">NoSuchWindowException: Message: no such window: target window already closed
from unknown error: web view not found
  (Session info: chrome=111.0.5563.66)
Stacktrace:
Backtrace:
	(No symbol) [0x00A2DCE3]
	(No symbol) [0x009C39D1]
	(No symbol) [0x008D4DA8]
	(No symbol) [0x008BD0D3]
	(No symbol) [0x0091EA8B]
	(No symbol) [0x0092D093]
	(No symbol) [0x0091ACC6]
	(No symbol) [0x008F6F68]
	(No symbol) [0x008F80CD]
	GetHandleVerifier [0x00CA3832+2506274]
	GetHandleVerifier [0x00CD9794+2727300]
	GetHandleVerifier [0x00CDE36C+2746716]
	GetHandleVerifier [0x00AD6690+617600]
	(No symbol) [0x009CC712]
	(No symbol) [0x009D1FF8]
	(No symbol) [0x009D20DB]
	(No symbol) [0x009DC63B]
	BaseThreadInitThunk [0x773300F9+25]
	RtlGetAppContainerNamedObjectPath [0x774D7BBE+286]
	RtlGetAppContainerNamedObjectPath [0x774D7B8E+238]
</msg>
<status status="FAIL" starttime="20230323 21:56:06.683" endtime="20230323 21:56:06.719"/>
</kw>
<kw name="Close Browser" library="SeleniumLibrary" type="TEARDOWN">
<doc>Closes the current browser.</doc>
<status status="PASS" starttime="20230323 21:56:06.720" endtime="20230323 21:56:08.798"/>
</kw>
<status status="FAIL" starttime="20230323 21:56:04.592" endtime="20230323 21:56:08.798">NoSuchWindowException: Message: no such window: target window already closed
from unknown error: web view not found
  (Session info: chrome=111.0.5563.66)
Stacktrace:
Backtrace:
	(No symbol) [0x00A2DCE3]
	(No symbol) [0x009C39D1]
	(No symbol) [0x008D4DA8]
	(No symbol) [0x008BD0D3]
	(No symbol) [0x0091EA8B]
	(No symbol) [0x0092D093]
	(No symbol) [0x0091ACC6]
	(No symbol) [0x008F6F68]
	(No symbol) [0x008F80CD]
	GetHandleVerifier [0x00CA3832+2506274]
	GetHandleVerifier [0x00CD9794+2727300]
	GetHandleVerifier [0x00CDE36C+2746716]
	GetHandleVerifier [0x00AD6690+617600]
	(No symbol) [0x009CC712]
	(No symbol) [0x009D1FF8]
	(No symbol) [0x009D20DB]
	(No symbol) [0x009DC63B]
	BaseThreadInitThunk [0x773300F9+25]
	RtlGetAppContainerNamedObjectPath [0x774D7BBE+286]
	RtlGetAppContainerNamedObjectPath [0x774D7B8E+238]
</status>
</test>
<status status="FAIL" starttime="20230323 21:56:04.363" endtime="20230323 21:56:08.803"/>
</suite>
<status status="FAIL" starttime="20230323 21:56:04.339" endtime="20230323 21:56:08.804"/>
</suite>
<statistics>
<total>
<stat pass="0" fail="1" skip="0">All Tests</stat>
</total>
<tag>
</tag>
<suite>
<stat pass="0" fail="1" skip="0" id="s1" name="Finalproject.Robot">Finalproject.Robot</stat>
<stat pass="0" fail="1" skip="0" id="s1-s1" name="Contact">Finalproject.Robot.Contact</stat>
</suite>
</statistics>
<errors>
<msg timestamp="20230323 21:56:06.690" level="WARN">Keyword 'Capture Page Screenshot' could not be run on failure: Message: no such window: target window already closed
from unknown error: web view not found
  (Session info: chrome=111.0.5563.66)
Stacktrace:
Backtrace:
	(No symbol) [0x00A2DCE3]
	(No symbol) [0x009C39D1]
	(No symbol) [0x008D4DA8]
	(No symbol) [0x008BD0D3]
	(No symbol) [0x0091EA8B]
	(No symbol) [0x0092D093]
	(No symbol) [0x0091ACC6]
	(No symbol) [0x008F6F68]
	(No symbol) [0x008F80CD]
	GetHandleVerifier [0x00CA3832+2506274]
	GetHandleVerifier [0x00CD9794+2727300]
	GetHandleVerifier [0x00CDE36C+2746716]
	GetHandleVerifier [0x00AD6690+617600]
	(No symbol) [0x009CC712]
	(No symbol) [0x009D1FF8]
	(No symbol) [0x009D20DB]
	(No symbol) [0x009DC63B]
	BaseThreadInitThunk [0x773300F9+25]
	RtlGetAppContainerNamedObjectPath [0x774D7BBE+286]
	RtlGetAppContainerNamedObjectPath [0x774D7B8E+238]
</msg>
</errors>
</robot>
